INFO [2023-04-20 16:58:52] Starting tca...
INFO [2023-04-20 16:58:52] Validating input...
INFO [2023-04-20 16:58:52] Starting re-estimation of W...
INFO [2023-04-20 16:58:52] Performing feature selection using refactor...
INFO [2023-04-20 16:58:52] Starting refactor...
INFO [2023-04-20 16:58:52] Running PCA on X using rand_svd == TRUE...
INFO [2023-04-20 16:58:53] Computing a low rank approximation of X...
INFO [2023-04-20 16:58:53] Calculating the distance of each feature from its low rank approximation...
INFO [2023-04-20 16:58:53] Computing the ReFACTor components based on the top 1345 features with lowest distances...
INFO [2023-04-20 16:58:53] Finished refactor.
INFO [2023-04-20 16:58:53] Fitting the TCA model using the selected features for re-estimating W...
INFO [2023-04-20 16:58:53] Iteration 1 out of 10 external iterations (fitting all parameters including W)...
INFO [2023-04-20 16:58:53] Fitting means and variances...
INFO [2023-04-20 16:58:53] Iteration 1 out of 10 internal iterations...
INFO [2023-04-20 16:58:53] Iteration 2 out of 10 internal iterations...
INFO [2023-04-20 16:58:54] Internal loop converged.
INFO [2023-04-20 16:58:54] Fitting W...
INFO [2023-04-20 16:58:57] Iteration 2 out of 10 external iterations (fitting all parameters including W)...
INFO [2023-04-20 16:58:57] Fitting means and variances...
INFO [2023-04-20 16:58:57] Iteration 1 out of 10 internal iterations...
INFO [2023-04-20 16:58:57] Iteration 2 out of 10 internal iterations...
INFO [2023-04-20 16:58:58] Iteration 3 out of 10 internal iterations...
INFO [2023-04-20 16:58:58] Internal loop converged.
INFO [2023-04-20 16:58:58] Fitting W...
INFO [2023-04-20 16:59:02] Iteration 3 out of 10 external iterations (fitting all parameters including W)...
INFO [2023-04-20 16:59:02] Fitting means and variances...
INFO [2023-04-20 16:59:02] Iteration 1 out of 10 internal iterations...
INFO [2023-04-20 16:59:02] Iteration 2 out of 10 internal iterations...
INFO [2023-04-20 16:59:03] Internal loop converged.
INFO [2023-04-20 16:59:03] Fitting W...
INFO [2023-04-20 16:59:06] Iteration 4 out of 10 external iterations (fitting all parameters including W)...
INFO [2023-04-20 16:59:06] Fitting means and variances...
INFO [2023-04-20 16:59:06] Iteration 1 out of 10 internal iterations...
INFO [2023-04-20 16:59:07] Iteration 2 out of 10 internal iterations...
INFO [2023-04-20 16:59:07] Internal loop converged.
INFO [2023-04-20 16:59:07] Fitting W...
INFO [2023-04-20 16:59:11] External loop converged.
INFO [2023-04-20 16:59:11] Calculate p-values for deltas and gammas.
INFO [2023-04-20 16:59:12] Fitting the TCA model given the updated W...
INFO [2023-04-20 16:59:12] Fitting means and variances...
INFO [2023-04-20 16:59:12] Iteration 1 out of 10 internal iterations...
INFO [2023-04-20 16:59:13] Iteration 2 out of 10 internal iterations...
INFO [2023-04-20 16:59:13] Iteration 3 out of 10 internal iterations...
INFO [2023-04-20 16:59:13] Internal loop converged.
INFO [2023-04-20 16:59:13] Calculate p-values for deltas and gammas.
INFO [2023-04-20 16:59:15] Finished tca.
INFO [2023-04-20 17:04:33] Validating input...
INFO [2023-04-20 17:04:33] Starting tensor for estimating Z...
INFO [2023-04-20 17:04:33] Estimate tensor...
INFO [2023-04-20 17:04:37] Finished estimating tensor.
