INFO [2023-03-30 15:37:32] Starting tca...
INFO [2023-03-30 15:37:32] Validating input...
INFO [2023-03-30 15:37:32] Starting re-estimation of W...
INFO [2023-03-30 15:37:32] Performing feature selection using refactor...
INFO [2023-03-30 15:37:32] Starting refactor...
INFO [2023-03-30 15:37:32] Running PCA on X using rand_svd == TRUE...
INFO [2023-03-30 15:37:32] Computing a low rank approximation of X...
INFO [2023-03-30 15:37:32] Calculating the distance of each feature from its low rank approximation...
INFO [2023-03-30 15:37:32] Computing the ReFACTor components based on the top 500 features with lowest distances...
INFO [2023-03-30 15:37:32] Finished refactor.
INFO [2023-03-30 15:37:32] Fitting the TCA model using the selected features for re-estimating W...
INFO [2023-03-30 15:37:32] Iteration 1 out of 10 external iterations (fitting all parameters including W)...
INFO [2023-03-30 15:37:32] Fitting means and variances...
INFO [2023-03-30 15:37:32] Iteration 1 out of 10 internal iterations...
INFO [2023-03-30 15:37:32] Iteration 2 out of 10 internal iterations...
INFO [2023-03-30 15:37:32] Internal loop converged.
INFO [2023-03-30 15:37:32] Fitting W...
INFO [2023-03-30 15:37:34] Iteration 2 out of 10 external iterations (fitting all parameters including W)...
INFO [2023-03-30 15:37:34] Fitting means and variances...
INFO [2023-03-30 15:37:34] Iteration 1 out of 10 internal iterations...
INFO [2023-03-30 15:37:34] Iteration 2 out of 10 internal iterations...
INFO [2023-03-30 15:37:34] Iteration 3 out of 10 internal iterations...
INFO [2023-03-30 15:37:34] Internal loop converged.
INFO [2023-03-30 15:37:34] Fitting W...
INFO [2023-03-30 15:37:35] Iteration 3 out of 10 external iterations (fitting all parameters including W)...
INFO [2023-03-30 15:37:35] Fitting means and variances...
INFO [2023-03-30 15:37:35] Iteration 1 out of 10 internal iterations...
INFO [2023-03-30 15:37:36] Iteration 2 out of 10 internal iterations...
INFO [2023-03-30 15:37:36] Internal loop converged.
INFO [2023-03-30 15:37:36] Fitting W...
INFO [2023-03-30 15:37:37] Iteration 4 out of 10 external iterations (fitting all parameters including W)...
INFO [2023-03-30 15:37:37] Fitting means and variances...
INFO [2023-03-30 15:37:37] Iteration 1 out of 10 internal iterations...
INFO [2023-03-30 15:37:37] Iteration 2 out of 10 internal iterations...
INFO [2023-03-30 15:37:37] Internal loop converged.
INFO [2023-03-30 15:37:37] Fitting W...
INFO [2023-03-30 15:37:39] External loop converged.
INFO [2023-03-30 15:37:39] Calculate p-values for deltas and gammas.
INFO [2023-03-30 15:37:39] Fitting the TCA model given the updated W...
INFO [2023-03-30 15:37:39] Fitting means and variances...
INFO [2023-03-30 15:37:39] Iteration 1 out of 10 internal iterations...
INFO [2023-03-30 15:37:39] Iteration 2 out of 10 internal iterations...
INFO [2023-03-30 15:37:39] Iteration 3 out of 10 internal iterations...
INFO [2023-03-30 15:37:40] Internal loop converged.
INFO [2023-03-30 15:37:40] Calculate p-values for deltas and gammas.
INFO [2023-03-30 15:37:40] Finished tca.
INFO [2023-03-30 15:37:45] Validating input...
INFO [2023-03-30 15:37:45] Starting tensor for estimating Z...
INFO [2023-03-30 15:37:45] Estimate tensor...
INFO [2023-03-30 15:37:48] Finished estimating tensor.
